<?xml version='1.0'?>
<ns2:test-suite xmlns:ns2='urn:model.allure.qatools.yandex.ru' start='1615378033147' stop='1615378045080'>
    <name>Check sign in</name>
    <title>Check sign in</title>
    <test-cases>
        <test-case start='1615378033148' status='failed' stop='1615378045075'>
            <name>should sort cameras by price</name>
            <title>should sort cameras by price</title>
            <labels/>
            <parameters/>
            <steps/>
            <attachments/>
            <failure>
                <message>TypeError: Cannot read property '0' of null</message>
                <stack-trace>TypeError: Cannot read property '0' of null
                    at C:\Users\User\Protractor_project\secondPull\test\test.spec.js:77:27
                    at C:\Users\User\AppData\Roaming\npm\node_modules\protractor\built\element.js:804:32
                    at ManagedPromise.invokeCallback_ (C:\Users\User\AppData\Roaming\npm\node_modules\protractor\node_modules\selenium-webdriver\lib\promise.js:1376:14)
                    at TaskQueue.execute_ (C:\Users\User\AppData\Roaming\npm\node_modules\protractor\node_modules\selenium-webdriver\lib\promise.js:3084:14)
                    at TaskQueue.executeNext_ (C:\Users\User\AppData\Roaming\npm\node_modules\protractor\node_modules\selenium-webdriver\lib\promise.js:3067:27)
                    at C:\Users\User\AppData\Roaming\npm\node_modules\protractor\node_modules\selenium-webdriver\lib\promise.js:2927:27
                    at C:\Users\User\AppData\Roaming\npm\node_modules\protractor\node_modules\selenium-webdriver\lib\promise.js:668:7
                    at processTicksAndRejections (internal/process/task_queues.js:93:5)</stack-trace>
            </failure>
        </test-case>
        <test-case start='1615378045075' status='pending' stop='1615378045077'>
            <name>should compare two phones</name>
            <title>should compare two phones</title>
            <labels/>
            <parameters/>
            <steps/>
            <attachments/>
            <failure>
                <message>This test was ignored</message>
                <stack-trace></stack-trace>
            </failure>
        </test-case>
        <test-case start='1615378045077' status='pending' stop='1615378045078'>
            <name>should delete items from the comparison list</name>
            <title>should delete items from the comparison list</title>
            <labels/>
            <parameters/>
            <steps/>
            <attachments/>
            <failure>
                <message>This test was ignored</message>
                <stack-trace></stack-trace>
            </failure>
        </test-case>
        <test-case start='1615378045078' status='pending' stop='1615378045078'>
            <name>should navigate to Music menu</name>
            <title>should navigate to Music menu</title>
            <labels/>
            <parameters/>
            <steps/>
            <attachments/>
            <failure>
                <message>This test was ignored</message>
                <stack-trace></stack-trace>
            </failure>
        </test-case>
        <test-case start='1615378045079' status='pending' stop='1615378045079'>
            <name>should switch on English</name>
            <title>should switch on English</title>
            <labels/>
            <parameters/>
            <steps/>
            <attachments/>
            <failure>
                <message>This test was ignored</message>
                <stack-trace></stack-trace>
            </failure>
        </test-case>
    </test-cases>
</ns2:test-suite>