<?xml version='1.0'?>
<ns2:test-suite xmlns:ns2='urn:model.allure.qatools.yandex.ru' start='1614940886206' stop='1614940897935'>
    <name>Check sign in</name>
    <title>Check sign in</title>
    <test-cases>
        <test-case start='1614940886207' status='failed' stop='1614940897910'>
            <name>should navigate to Market menu</name>
            <title>should navigate to Market menu</title>
            <labels/>
            <parameters/>
            <steps/>
            <attachments/>
            <failure>
                <message>WebDriverError: element click intercepted: Element &lt;input type="text" id="header-search" itemprop="query-input" name="text" aria-labelledby="header-search header-search-label" autocomplete="off" class="nQ8aBP7fBN" value="Note 8" placeholder="Искать товары" autocorrect="off" autocapitalize="off" spellcheck="false"> is not clickable at point (507, 94). Other element would receive the click: &lt;span class="_3tt0Je8Qyh">...&lt;/span>
                  (Session info: chrome=89.0.4389.72)
                Build info: version: '3.141.59', revision: 'e82be7d358', time: '2018-11-14T08:25:53'
                System info: host: 'DESKTOP-DOG2QAI', ip: '192.168.75.113', os.name: 'Windows 10', os.arch: 'amd64', os.version: '10.0', java.version: '1.8.0_281'
                Driver info: driver.version: unknown</message>
                <stack-trace>WebDriverError: element click intercepted: Element &lt;input type="text" id="header-search" itemprop="query-input" name="text" aria-labelledby="header-search header-search-label" autocomplete="off" class="nQ8aBP7fBN" value="Note 8" placeholder="Искать товары" autocorrect="off" autocapitalize="off" spellcheck="false"> is not clickable at point (507, 94). Other element would receive the click: &lt;span class="_3tt0Je8Qyh">...&lt;/span>
                  (Session info: chrome=89.0.4389.72)
                Build info: version: '3.141.59', revision: 'e82be7d358', time: '2018-11-14T08:25:53'
                System info: host: 'DESKTOP-DOG2QAI', ip: '192.168.75.113', os.name: 'Windows 10', os.arch: 'amd64', os.version: '10.0', java.version: '1.8.0_281'
                Driver info: driver.version: unknown
                    at Object.checkLegacyResponse (C:\Users\User\AppData\Roaming\npm\node_modules\protractor\node_modules\selenium-webdriver\lib\error.js:546:15)
                    at parseHttpResponse (C:\Users\User\AppData\Roaming\npm\node_modules\protractor\node_modules\selenium-webdriver\lib\http.js:509:13)
                    at C:\Users\User\AppData\Roaming\npm\node_modules\protractor\node_modules\selenium-webdriver\lib\http.js:441:30
                    at processTicksAndRejections (internal/process/task_queues.js:93:5)
                From: Task: WebElement.click()
                    at thenableWebDriverProxy.schedule (C:\Users\User\AppData\Roaming\npm\node_modules\protractor\node_modules\selenium-webdriver\lib\webdriver.js:807:17)
                    at WebElement.schedule_ (C:\Users\User\AppData\Roaming\npm\node_modules\protractor\node_modules\selenium-webdriver\lib\webdriver.js:2010:25)
                    at WebElement.click (C:\Users\User\AppData\Roaming\npm\node_modules\protractor\node_modules\selenium-webdriver\lib\webdriver.js:2092:17)
                    at actionFn (C:\Users\User\AppData\Roaming\npm\node_modules\protractor\built\element.js:89:44)
                    at Array.map (&lt;anonymous>)
                    at C:\Users\User\AppData\Roaming\npm\node_modules\protractor\built\element.js:461:65
                    at ManagedPromise.invokeCallback_ (C:\Users\User\AppData\Roaming\npm\node_modules\protractor\node_modules\selenium-webdriver\lib\promise.js:1376:14)
                    at TaskQueue.execute_ (C:\Users\User\AppData\Roaming\npm\node_modules\protractor\node_modules\selenium-webdriver\lib\promise.js:3084:14)
                    at TaskQueue.executeNext_ (C:\Users\User\AppData\Roaming\npm\node_modules\protractor\node_modules\selenium-webdriver\lib\promise.js:3067:27)
                    at C:\Users\User\AppData\Roaming\npm\node_modules\protractor\node_modules\selenium-webdriver\lib\promise.js:2927:27Error
                    at ElementArrayFinder.applyAction_ (C:\Users\User\AppData\Roaming\npm\node_modules\protractor\built\element.js:459:27)
                    at ElementArrayFinder.&lt;computed> [as click] (C:\Users\User\AppData\Roaming\npm\node_modules\protractor\built\element.js:91:29)
                    at ElementFinder.&lt;computed> [as click] (C:\Users\User\AppData\Roaming\npm\node_modules\protractor\built\element.js:831:22)
                    at C:\Users\User\Protractor_project\secondPull\test\test.spec.js:22:88
                    at ManagedPromise.invokeCallback_ (C:\Users\User\AppData\Roaming\npm\node_modules\protractor\node_modules\selenium-webdriver\lib\promise.js:1376:14)
                    at TaskQueue.execute_ (C:\Users\User\AppData\Roaming\npm\node_modules\protractor\node_modules\selenium-webdriver\lib\promise.js:3084:14)
                    at TaskQueue.executeNext_ (C:\Users\User\AppData\Roaming\npm\node_modules\protractor\node_modules\selenium-webdriver\lib\promise.js:3067:27)
                    at C:\Users\User\AppData\Roaming\npm\node_modules\protractor\node_modules\selenium-webdriver\lib\promise.js:2927:27
                    at C:\Users\User\AppData\Roaming\npm\node_modules\protractor\node_modules\selenium-webdriver\lib\promise.js:668:7
                    at processTicksAndRejections (internal/process/task_queues.js:93:5)</stack-trace>
            </failure>
        </test-case>
        <test-case start='1614940897912' status='pending' stop='1614940897919'>
            <name>should navigate to Translators menu</name>
            <title>should navigate to Translators menu</title>
            <labels/>
            <parameters/>
            <steps/>
            <attachments/>
            <failure>
                <message>This test was ignored</message>
                <stack-trace></stack-trace>
            </failure>
        </test-case>
        <test-case start='1614940897920' status='pending' stop='1614940897921'>
            <name>should navigate to Music menu</name>
            <title>should navigate to Music menu</title>
            <labels/>
            <parameters/>
            <steps/>
            <attachments/>
            <failure>
                <message>This test was ignored</message>
                <stack-trace></stack-trace>
            </failure>
        </test-case>
        <test-case start='1614940897921' status='pending' stop='1614940897924'>
            <name>should switch on English</name>
            <title>should switch on English</title>
            <labels/>
            <parameters/>
            <steps/>
            <attachments/>
            <failure>
                <message>This test was ignored</message>
                <stack-trace></stack-trace>
            </failure>
        </test-case>
    </test-cases>
</ns2:test-suite>